Allocating 1 GB memory (262144 pages)...
Memory allocated. Starting sequential traversal...
Sequential traversal completed in 10.07 seconds.
Allocating 1 GB memory (262144 pages)...
Memory allocated. Starting sequential traversal...
Sequential traversal completed in 10.24 seconds.
[   15.613753] pt_scan: loading out-of-tree module taints kernel.
[   15.613758] pt_scan: module verification failed: signature and/or required key missing - tainting kernel
[   15.614200] ivshmem_demo_driver 0000:00:0b.0: ivshmem_dev probe ....
[   15.614202] ivshmem_dev probe ....
[   15.614224] res->start = 0x380000000000
[   15.614225] shared memory size = 0x04000000(64MB)
[   15.614238] read str:\x08
[   15.614255] ivshmem_demo_driver 0000:00:0b.0:  ivshmem_dev_probe success
[   15.614284] pt_scan: register pci driver
[   15.614333] pt_scan: Page walk thread created.
[   15.614803] pt_scan: A/T: 5259/5325 (0 ms) [2500] [0 GB]
[   18.120336] pt_scan: A/T: 262549/265741 (5 ms) [2700] [1 GB]
[   20.619013] pt_scan: A/T: 262226/264415 (4 ms) [2628] [1 GB]
[   23.318989] pt_scan: A/T: 262170/262331 (4 ms) [2628] [1 GB]
