Allocating 23 GB memory (6029312 pages)...
Memory allocated. Starting sequential traversal...
Sequential traversal completed in 190.06 seconds.
Allocating 23 GB memory (6029312 pages)...
Memory allocated. Starting sequential traversal...
Sequential traversal completed in 191.12 seconds.
[ 4490.831265] ivshmem_demo_driver 0000:00:0b.0: ivshmem_dev probe ....
[ 4490.831269] ivshmem_dev probe ....
[ 4490.831316] res->start = 0x380000000000
[ 4490.831317] shared memory size = 0x04000000(64MB)
[ 4490.831328] read str:\x07
[ 4490.831330] ivshmem_demo_driver 0000:00:0b.0:  ivshmem_dev_probe success
[ 4490.831359] pt_scan: register pci driver
[ 4490.831421] pt_scan: Page walk thread created.
[ 4490.831821] pt_scan: A/T: 317/1749 (0 ms) [2500] [0 GB]
[ 4493.346407] pt_scan: A/T: 871741/873011 (14 ms) [4068] [3 GB]
[ 4495.846604] pt_scan: A/T: 873238/873919 (15 ms) [4300] [3 GB]
[ 4499.923409] pt_scan: A/T: 1420954/1421334 (23 ms) [6732] [5 GB]
[ 4504.224706] pt_scan: A/T: 1498737/1499162 (25 ms) [7500] [5 GB]
[ 4511.034888] pt_scan: A/T: 6029317/6029380 (103 ms) [87372] [23 GB]
[ 4518.532284] pt_scan: A/T: 6029276/6029381 (100 ms) [82500] [23 GB]
[ 4605.905303] pt_scan: A/T: 6029380/6029568 (101 ms) [84108] [23 GB]
