Allocating 4 GB memory (1048576 pages)...
Memory allocated. Starting sequential traversal...
Sequential traversal completed in 35.65 seconds.
Allocating 4 GB memory (1048576 pages)...
Memory allocated. Starting sequential traversal...
Sequential traversal completed in 37.70 seconds.
[  154.220728] ivshmem_demo_driver 0000:00:0b.0: ivshmem_dev probe ....
[  154.220731] ivshmem_dev probe ....
[  154.220771] res->start = 0x380000000000
[  154.220772] shared memory size = 0x04000000(64MB)
[  154.220782] read str:\x08
[  154.220784] ivshmem_demo_driver 0000:00:0b.0:  ivshmem_dev_probe success
[  154.220812] pt_scan: register pci driver
[  154.220867] pt_scan: Page walk thread created.
[  154.221225] pt_scan: A/T: 651/1956 (0 ms) [2500] [0 GB]
[  156.736688] pt_scan: A/T: 885837/887066 (15 ms) [4300] [3 GB]
[  159.239592] pt_scan: A/T: 1048587/1048784 (18 ms) [5092] [4 GB]
[  163.538686] pt_scan: A/T: 1048478/1048809 (17 ms) [4812] [4 GB]
[  168.631159] pt_scan: A/T: 1048472/1048755 (18 ms) [5092] [4 GB]
[  173.442891] pt_scan: A/T: 1048463/1048731 (18 ms) [5092] [4 GB]
[  178.534809] pt_scan: A/T: 1048450/1048739 (17 ms) [4812] [4 GB]
[  183.626689] pt_scan: A/T: 1048454/1048751 (17 ms) [4812] [4 GB]
[  188.438760] pt_scan: A/T: 1048445/1048731 (17 ms) [4812] [4 GB]
