Allocating 5 GB memory (1310720 pages)...
Memory allocated. Starting sequential traversal...
Sequential traversal completed in 44.06 seconds.
Allocating 5 GB memory (1310720 pages)...
Memory allocated. Starting sequential traversal...
Sequential traversal completed in 46.81 seconds.
[  236.290165] ivshmem_demo_driver 0000:00:0b.0: ivshmem_dev probe ....
[  236.290168] ivshmem_dev probe ....
[  236.290206] res->start = 0x380000000000
[  236.290207] shared memory size = 0x04000000(64MB)
[  236.290217] read str:\x08
[  236.290219] ivshmem_demo_driver 0000:00:0b.0:  ivshmem_dev_probe success
[  236.290245] pt_scan: register pci driver
[  236.290299] pt_scan: Page walk thread created.
[  236.290636] pt_scan: A/T: 312/1631 (0 ms) [2500] [0 GB]
[  238.805627] pt_scan: A/T: 890083/891320 (15 ms) [4300] [3 GB]
[  241.314054] pt_scan: A/T: 1310746/1310949 (23 ms) [6732] [5 GB]
[  245.612766] pt_scan: A/T: 1310684/1310926 (22 ms) [6372] [5 GB]
[  252.344717] pt_scan: A/T: 1310728/1310953 (22 ms) [6372] [5 GB]
[  258.717457] pt_scan: A/T: 1310676/1310892 (23 ms) [6732] [5 GB]
[  265.088679] pt_scan: A/T: 1310681/1310895 (22 ms) [6372] [5 GB]
[  271.820753] pt_scan: A/T: 1310693/1310937 (22 ms) [6372] [5 GB]
[  278.192740] pt_scan: A/T: 1310713/1310927 (22 ms) [6372] [5 GB]
