Allocating 8 GB memory (2097152 pages)...
Memory allocated. Starting sequential traversal...
Sequential traversal completed in 69.65 seconds.
Allocating 8 GB memory (2097152 pages)...
Memory allocated. Starting sequential traversal...
Sequential traversal completed in 73.55 seconds.
[  590.295069] ivshmem_demo_driver 0000:00:0b.0: ivshmem_dev probe ....
[  590.295072] ivshmem_dev probe ....
[  590.295119] res->start = 0x380000000000
[  590.295120] shared memory size = 0x04000000(64MB)
[  590.295130] read str:	
[  590.295132] ivshmem_demo_driver 0000:00:0b.0:  ivshmem_dev_probe success
[  590.295161] pt_scan: register pci driver
[  590.295221] pt_scan: Page walk thread created.
[  590.295590] pt_scan: A/T: 231/1579 (0 ms) [2500] [0 GB]
[  592.810491] pt_scan: A/T: 881566/882821 (15 ms) [4300] [3 GB]
[  595.310257] pt_scan: A/T: 880429/880694 (15 ms) [4300] [3 GB]
[  599.632284] pt_scan: A/T: 2097175/2097390 (37 ms) [13452] [8 GB]
[  603.931440] pt_scan: A/T: 2097183/2097419 (36 ms) [12868] [8 GB]
[  617.383132] pt_scan: A/T: 2097146/2097330 (35 ms) [12300] [8 GB]
[  630.251358] pt_scan: A/T: 2097172/2097426 (36 ms) [12868] [8 GB]
[  642.550914] pt_scan: A/T: 2097165/2097414 (35 ms) [12300] [8 GB]
[  655.419252] pt_scan: A/T: 2097167/2097354 (36 ms) [12868] [8 GB]
