Allocating 1 GB memory (262144 pages)...
Memory allocated. Starting sequential traversal...
Sequential traversal completed in 11.16 seconds.
Allocating 1 GB memory (262144 pages)...
Memory allocated. Starting sequential traversal...
Sequential traversal completed in 11.40 seconds.
[   25.365253] pt_scan: loading out-of-tree module taints kernel.
[   25.365258] pt_scan: module verification failed: signature and/or required key missing - tainting kernel
[   25.365630] ivshmem_demo_driver 0000:00:0b.0: ivshmem_dev probe ....
[   25.365632] ivshmem_dev probe ....
[   25.365655] res->start = 0x380000000000
[   25.365656] shared memory size = 0x04000000(64MB)
[   25.365668] read str:\x08
[   25.365682] ivshmem_demo_driver 0000:00:0b.0:  ivshmem_dev_probe success
[   25.365713] pt_scan: register pci driver
[   25.365763] pt_scan: Page walk thread created.
[   25.366263] pt_scan: A/T: 5511/5577 (0 ms) [2500] [0 GB]
[   27.871814] pt_scan: A/T: 262531/263753 (6 ms) [2860] [1 GB]
[   30.370508] pt_scan: A/T: 262185/264105 (4 ms) [2660] [1 GB]
[   33.230322] pt_scan: A/T: 262062/262388 (4 ms) [2660] [1 GB]
[   35.890319] pt_scan: A/T: 262416/264071 (4 ms) [2660] [1 GB]
