Allocating 2 GB memory (524288 pages)...
Memory allocated. Starting sequential traversal...
Sequential traversal completed in 19.90 seconds.
Allocating 2 GB memory (524288 pages)...
Memory allocated. Starting sequential traversal...
Sequential traversal completed in 20.95 seconds.
[   56.815277] ivshmem_demo_driver 0000:00:0b.0: ivshmem_dev probe ....
[   56.815280] ivshmem_dev probe ....
[   56.815316] res->start = 0x380000000000
[   56.815317] shared memory size = 0x04000000(64MB)
[   56.815330] read str:\x04
[   56.815331] ivshmem_demo_driver 0000:00:0b.0:  ivshmem_dev_probe success
[   56.815359] pt_scan: register pci driver
[   56.815414] pt_scan: Page walk thread created.
[   56.815743] pt_scan: A/T: 443/3194 (0 ms) [2500] [0 GB]
[   59.325761] pt_scan: A/T: 524630/525853 (10 ms) [3500] [2 GB]
[   61.824465] pt_scan: A/T: 524184/524479 (9 ms) [3310] [2 GB]
[   65.324405] pt_scan: A/T: 524177/524426 (8 ms) [3140] [2 GB]
[   68.634394] pt_scan: A/T: 524171/524435 (8 ms) [3140] [2 GB]
[   71.774412] pt_scan: A/T: 524172/524467 (8 ms) [3140] [2 GB]
[   74.914434] pt_scan: A/T: 524152/524328 (8 ms) [3140] [2 GB]
