Allocating 6 GB memory (1572864 pages)...
Memory allocated. Starting sequential traversal...
Sequential traversal completed in 54.98 seconds.
Allocating 6 GB memory (1572864 pages)...
Memory allocated. Starting sequential traversal...
Sequential traversal completed in 58.94 seconds.
[  366.595027] ivshmem_demo_driver 0000:00:0b.0: ivshmem_dev probe ....
[  366.595031] ivshmem_dev probe ....
[  366.595068] res->start = 0x380000000000
[  366.595069] shared memory size = 0x04000000(64MB)
[  366.595080] read str:\x08
[  366.595081] ivshmem_demo_driver 0000:00:0b.0:  ivshmem_dev_probe success
[  366.595108] pt_scan: register pci driver
[  366.595162] pt_scan: Page walk thread created.
[  366.595487] pt_scan: A/T: 285/1536 (0 ms) [2500] [0 GB]
[  369.110628] pt_scan: A/T: 898456/899692 (15 ms) [4750] [3 GB]
[  371.623693] pt_scan: A/T: 1572882/1573079 (28 ms) [10340] [6 GB]
[  376.371961] pt_scan: A/T: 1572831/1573032 (26 ms) [9260] [6 GB]
[  386.712489] pt_scan: A/T: 1572852/1573044 (27 ms) [9790] [6 GB]
[  395.971861] pt_scan: A/T: 1572844/1573036 (26 ms) [9260] [6 GB]
[  405.761937] pt_scan: A/T: 1572841/1573090 (26 ms) [9260] [6 GB]
[  415.021711] pt_scan: A/T: 1572842/1573020 (26 ms) [9260] [6 GB]
[  424.281633] pt_scan: A/T: 1572878/1573030 (26 ms) [9260] [6 GB]
