Allocating 1 GB memory (262144 pages)...
Memory allocated. Starting traversal...
round = 0
round = 10
round = 20
round = 30
round = 40
round = 50
round = 60
round = 70
round = 80
round = 90
Traversal completed in 3.07 seconds.
Allocating 1 GB memory (262144 pages)...
Memory allocated. Starting traversal...
round = 0
round = 10
round = 20
round = 30
round = 40
round = 50
round = 60
round = 70
round = 80
round = 90
Traversal completed in 3.35 seconds.
[    9.206544] ivshmem_demo_driver 0000:00:0b.0:  ivshmem_dev_probe success
[    9.206611] pt_scan: register pci driver
[    9.206736] pt_scan: Page walk thread created.
[    9.207866] pt_scan: A/T: 5373/5439 (1 ms) [1000] [0 GB]
