Allocating 2 GB memory (524288 pages)...
Memory allocated. Starting sequential traversal...
Sequential traversal completed in 19.35 seconds.
Allocating 2 GB memory (524288 pages)...
Memory allocated. Starting sequential traversal...
Sequential traversal completed in 19.77 seconds.
[   59.141542] ivshmem_demo_driver 0000:00:0b.0: ivshmem_dev probe ....
[   59.141546] ivshmem_dev probe ....
[   59.141584] res->start = 0x380000000000
[   59.141585] shared memory size = 0x04000000(64MB)
[   59.141597] read str:\x03
[   59.141599] ivshmem_demo_driver 0000:00:0b.0:  ivshmem_dev_probe success
[   59.141626] pt_scan: register pci driver
[   59.141669] pt_scan: Page walk thread created.
[   59.142011] pt_scan: A/T: 481/3452 (0 ms) [2500] [0 GB]
[   61.652126] pt_scan: A/T: 524621/525795 (10 ms) [3800] [2 GB]
[   64.150724] pt_scan: A/T: 524330/524535 (9 ms) [3598] [2 GB]
[   67.950647] pt_scan: A/T: 523977/524480 (8 ms) [3412] [2 GB]
[   71.548685] pt_scan: A/T: 524003/524463 (8 ms) [3412] [2 GB]
[   74.960767] pt_scan: A/T: 523968/524320 (9 ms) [3598] [2 GB]
[   78.372706] pt_scan: A/T: 524114/526397 (9 ms) [3598] [2 GB]
