Allocating 9 GB memory (2359296 pages)...
Memory allocated. Starting sequential traversal...
Sequential traversal completed in 77.38 seconds.
Allocating 9 GB memory (2359296 pages)...
Memory allocated. Starting sequential traversal...
Sequential traversal completed in 79.22 seconds.
[  760.097653] ivshmem_demo_driver 0000:00:0b.0: ivshmem_dev probe ....
[  760.097656] ivshmem_dev probe ....
[  760.097697] res->start = 0x380000000000
[  760.097698] shared memory size = 0x04000000(64MB)
[  760.097709] read str:\x08
[  760.097710] ivshmem_demo_driver 0000:00:0b.0:  ivshmem_dev_probe success
[  760.097736] pt_scan: register pci driver
[  760.097780] pt_scan: Page walk thread created.
[  760.098110] pt_scan: A/T: 300/1544 (0 ms) [2500] [0 GB]
[  762.613129] pt_scan: A/T: 890901/892086 (15 ms) [5050] [3 GB]
[  765.112887] pt_scan: A/T: 884223/884629 (15 ms) [5050] [3 GB]
[  770.188773] pt_scan: A/T: 2359307/2359391 (40 ms) [17300] [9 GB]
[  775.237978] pt_scan: A/T: 2359246/2359476 (40 ms) [17300] [9 GB]
[  792.537403] pt_scan: A/T: 2359289/2359335 (39 ms) [16618] [9 GB]
[  809.837356] pt_scan: A/T: 2359288/2359441 (39 ms) [16618] [9 GB]
[  826.456681] pt_scan: A/T: 2359283/2359399 (40 ms) [17300] [9 GB]
