Allocating 2 GB memory (524288 pages)...
Memory allocated. Starting sequential traversal...
Sequential traversal completed in 18.98 seconds.
Allocating 2 GB memory (524288 pages)...
Memory allocated. Starting sequential traversal...
Sequential traversal completed in 19.93 seconds.
[   47.005871] ivshmem_demo_driver 0000:00:0b.0: ivshmem_dev probe ....
[   47.005875] ivshmem_dev probe ....
[   47.005914] res->start = 0x380000000000
[   47.005916] shared memory size = 0x04000000(64MB)
[   47.005926] read str:\x04
[   47.005928] ivshmem_demo_driver 0000:00:0b.0:  ivshmem_dev_probe success
[   47.005960] pt_scan: register pci driver
[   47.006014] pt_scan: Page walk thread created.
[   47.006390] pt_scan: A/T: 1532/4705 (0 ms) [2500] [0 GB]
[   49.516480] pt_scan: A/T: 524660/525885 (10 ms) [3400] [2 GB]
[   52.015230] pt_scan: A/T: 524330/524534 (9 ms) [3229] [2 GB]
[   55.415164] pt_scan: A/T: 524318/524517 (9 ms) [3229] [2 GB]
[   58.644018] pt_scan: A/T: 524087/524545 (8 ms) [3076] [2 GB]
[   61.873085] pt_scan: A/T: 524059/524476 (9 ms) [3229] [2 GB]
[   64.949007] pt_scan: A/T: 524057/524484 (8 ms) [3076] [2 GB]
