Allocating 3 GB memory (786432 pages)...
Memory allocated. Starting sequential traversal...
Sequential traversal completed in 26.99 seconds.
Allocating 3 GB memory (786432 pages)...
Memory allocated. Starting sequential traversal...
Sequential traversal completed in 28.69 seconds.
[   94.128136] ivshmem_demo_driver 0000:00:0b.0: ivshmem_dev probe ....
[   94.128140] ivshmem_dev probe ....
[   94.128179] res->start = 0x380000000000
[   94.128180] shared memory size = 0x04000000(64MB)
[   94.128193] read str:\x06
[   94.128194] ivshmem_demo_driver 0000:00:0b.0:  ivshmem_dev_probe success
[   94.128223] pt_scan: register pci driver
[   94.128278] pt_scan: Page walk thread created.
[   94.128613] pt_scan: A/T: 279/1561 (0 ms) [2500] [0 GB]
[   96.643318] pt_scan: A/T: 786776/787998 (15 ms) [4525] [3 GB]
[   99.141805] pt_scan: A/T: 786447/786656 (13 ms) [4021] [3 GB]
[  103.666671] pt_scan: A/T: 786450/786634 (13 ms) [4021] [3 GB]
[  107.687908] pt_scan: A/T: 786195/786634 (13 ms) [4021] [3 GB]
[  111.708694] pt_scan: A/T: 786183/786622 (13 ms) [4021] [3 GB]
[  115.730033] pt_scan: A/T: 786199/786610 (13 ms) [4021] [3 GB]
[  119.750887] pt_scan: A/T: 786211/786634 (13 ms) [4021] [3 GB]
