Allocating 9 GB memory (2359296 pages)...
Memory allocated. Starting sequential traversal...
Sequential traversal completed in 73.28 seconds.
Allocating 9 GB memory (2359296 pages)...
Memory allocated. Starting sequential traversal...
Sequential traversal completed in 75.18 seconds.
[  712.319746] ivshmem_demo_driver 0000:00:0b.0: ivshmem_dev probe ....
[  712.319749] ivshmem_dev probe ....
[  712.319795] res->start = 0x380000000000
[  712.319796] shared memory size = 0x04000000(64MB)
[  712.319806] read str:\x07
[  712.319808] ivshmem_demo_driver 0000:00:0b.0:  ivshmem_dev_probe success
[  712.319836] pt_scan: register pci driver
[  712.319886] pt_scan: Page walk thread created.
[  712.320233] pt_scan: A/T: 625/2489 (0 ms) [2500] [0 GB]
[  714.835190] pt_scan: A/T: 894186/895420 (15 ms) [4525] [3 GB]
[  717.335059] pt_scan: A/T: 886001/886608 (15 ms) [4525] [3 GB]
[  721.886348] pt_scan: A/T: 2359317/2359529 (41 ms) [17629] [9 GB]
[  726.410298] pt_scan: A/T: 2359209/2359461 (40 ms) [16900] [9 GB]
[  744.039394] pt_scan: A/T: 2359297/2359420 (40 ms) [16900] [9 GB]
[  760.938771] pt_scan: A/T: 2359295/2359410 (39 ms) [16189] [9 GB]
[  777.839244] pt_scan: A/T: 2359297/2359513 (40 ms) [16900] [9 GB]
