[    8.020877] pt_scan: loading out-of-tree module taints kernel.
[    8.020881] pt_scan: module verification failed: signature and/or required key missing - tainting kernel
[    8.021448] ivshmem_demo_driver 0000:00:0b.0: ivshmem_dev probe ....
[    8.021450] ivshmem_dev probe ....
[    8.021474] res->start = 0x380000000000
[    8.021476] shared memory size = 0x04000000(64MB)
[    8.021486] read str:
[    8.021509] ivshmem_demo_driver 0000:00:0b.0:  ivshmem_dev_probe success
[    8.021540] pt_scan: register pci driver
[    8.021583] pt_scan: Page walk thread created.
[    8.024333] pt_scan: A/T: 66882/69032 (2 ms) [2042]
[   10.024348] pt_scan: A/T: 59860/127701 (2 ms) [2042]
[   12.065928] pt_scan: A/T: 45580/160018 (2 ms) [2042]
[   14.107961] pt_scan: A/T: 43360/202986 (2 ms) [2042]
[   16.149997] pt_scan: A/T: 42656/245536 (2 ms) [2042]
[   18.192344] pt_scan: A/T: 43159/288129 (2 ms) [2042]
[   20.234213] pt_scan: A/T: 42797/330662 (2 ms) [2042]
[   22.276333] pt_scan: A/T: 42548/373201 (2 ms) [2042]
[   24.318524] pt_scan: A/T: 42582/415760 (2 ms) [2042]
[   26.360633] pt_scan: A/T: 42849/458308 (3 ms) [2063]
[   28.402761] pt_scan: A/T: 43040/500828 (3 ms) [2063]
[   30.465936] pt_scan: A/T: 43409/543777 (3 ms) [2063]
[   32.528945] pt_scan: A/T: 44097/584994 (3 ms) [2063]
[   34.592006] pt_scan: A/T: 44894/626064 (3 ms) [2063]
[   36.655341] pt_scan: A/T: 45260/669007 (3 ms) [2063]
[   38.718364] pt_scan: A/T: 43093/711987 (3 ms) [2063]
[   40.781217] pt_scan: A/T: 43079/754934 (3 ms) [2063]
[   42.844404] pt_scan: A/T: 43271/797946 (3 ms) [2063]
[   44.907626] pt_scan: A/T: 43304/840923 (4 ms) [2088]
[   46.970530] pt_scan: A/T: 43012/883905 (3 ms) [2063]
[   49.058633] pt_scan: A/T: 43501/927390 (4 ms) [2088]
[   51.121831] pt_scan: A/T: 43032/970393 (4 ms) [2088]
[   53.209945] pt_scan: A/T: 43502/1013881 (4 ms) [2088]
[   55.297935] pt_scan: A/T: 43643/1057346 (4 ms) [2088]
[   57.386025] pt_scan: A/T: 43569/1100879 (4 ms) [2088]
[   59.474315] pt_scan: A/T: 43641/1144389 (4 ms) [2088]
[   61.562249] pt_scan: A/T: 43623/1187880 (4 ms) [2088]
[   63.650395] pt_scan: A/T: 43536/1231399 (4 ms) [2088]
[   65.738473] pt_scan: A/T: 43804/1274925 (4 ms) [2088]
[   67.826732] pt_scan: A/T: 43895/1318443 (5 ms) [2110]
[   69.914709] pt_scan: A/T: 43596/1361939 (5 ms) [2110]
[   72.025007] pt_scan: A/T: 43970/1405896 (5 ms) [2110]
[   74.134943] pt_scan: A/T: 43943/1449824 (5 ms) [2110]
[   76.244974] pt_scan: A/T: 43970/1493765 (5 ms) [2110]
[   78.355150] pt_scan: A/T: 43969/1537724 (5 ms) [2110]
[   80.465188] pt_scan: A/T: 44030/1581733 (5 ms) [2110]
[   82.575344] pt_scan: A/T: 43992/1625706 (5 ms) [2110]
[   84.685539] pt_scan: A/T: 44018/1669696 (5 ms) [2110]
[   86.795637] pt_scan: A/T: 43945/1713633 (6 ms) [2138]
[   88.905643] pt_scan: A/T: 43977/1757584 (6 ms) [2138]
[   91.044033] pt_scan: A/T: 44530/1802096 (6 ms) [2138]
[   93.181850] pt_scan: A/T: 44577/1846645 (6 ms) [2138]
[   95.320091] pt_scan: A/T: 44589/1891204 (6 ms) [2138]
[   97.458080] pt_scan: A/T: 44665/1935683 (6 ms) [2138]
[   99.596359] pt_scan: A/T: 44587/1980243 (6 ms) [2138]
[  101.734311] pt_scan: A/T: 44547/2024770 (6 ms) [2138]
[  103.872377] pt_scan: A/T: 44765/2069314 (6 ms) [2138]
[  106.010817] pt_scan: A/T: 44536/2113836 (7 ms) [2161]
[  108.148881] pt_scan: A/T: 44558/2158355 (7 ms) [2161]
[  110.310090] pt_scan: A/T: 45020/2203362 (7 ms) [2161]
[  112.471109] pt_scan: A/T: 45066/2248403 (7 ms) [2161]
[  114.632324] pt_scan: A/T: 45042/2293436 (7 ms) [2161]
[  116.793480] pt_scan: A/T: 45688/2338477 (7 ms) [2161]
[  118.954823] pt_scan: A/T: 45177/2383528 (7 ms) [2161]
[  121.115704] pt_scan: A/T: 45085/2428556 (7 ms) [2161]
[  123.276794] pt_scan: A/T: 45079/2473601 (7 ms) [2161]
[  125.437938] pt_scan: A/T: 45067/2518642 (7 ms) [2161]
[  127.599086] pt_scan: A/T: 45319/2563694 (8 ms) [2192]
[  129.760158] pt_scan: A/T: 45354/2608726 (8 ms) [2192]
[  131.952386] pt_scan: A/T: 45991/2654417 (8 ms) [2192]
[  134.144462] pt_scan: A/T: 45710/2700080 (8 ms) [2192]
[  136.336553] pt_scan: A/T: 46150/2745770 (8 ms) [2192]
[  138.528694] pt_scan: A/T: 46002/2791455 (8 ms) [2192]
[  140.720840] pt_scan: A/T: 45755/2837147 (8 ms) [2192]
[  142.912879] pt_scan: A/T: 45695/2882819 (8 ms) [2192]
[  145.105024] pt_scan: A/T: 45721/2928507 (8 ms) [2192]
[  147.297186] pt_scan: A/T: 45721/2974202 (9 ms) [2216]
[  149.489338] pt_scan: A/T: 45641/3019823 (9 ms) [2216]
[  151.705367] pt_scan: A/T: 46203/3065972 (9 ms) [2216]
[  153.921629] pt_scan: A/T: 46298/3112131 (9 ms) [2216]
[  156.137899] pt_scan: A/T: 46268/3158285 (9 ms) [2216]
[  158.353710] pt_scan: A/T: 46323/3204415 (9 ms) [2216]
[  160.569740] pt_scan: A/T: 46276/3250615 (9 ms) [2216]
[  162.785942] pt_scan: A/T: 46232/3296802 (9 ms) [2216]
[  165.002090] pt_scan: A/T: 46334/3342951 (9 ms) [2216]
[  167.218111] pt_scan: A/T: 46371/3389120 (9 ms) [2216]
[  169.434106] pt_scan: A/T: 46448/3435319 (9 ms) [2216]
[  171.650598] pt_scan: A/T: 46318/3481484 (10 ms) [2250]
[  173.866638] pt_scan: A/T: 46216/3527617 (10 ms) [2250]
[  176.116827] pt_scan: A/T: 47044/3574439 (10 ms) [2250]
[  178.366962] pt_scan: A/T: 47104/3621308 (10 ms) [2250]
[  180.616795] pt_scan: A/T: 46969/3668145 (10 ms) [2250]
[  182.866848] pt_scan: A/T: 47192/3714992 (10 ms) [2250]
[  185.116787] pt_scan: A/T: 47162/3761840 (10 ms) [2250]
[  187.366727] pt_scan: A/T: 46989/3808731 (11 ms) [2275]
[  189.616510] pt_scan: A/T: 47115/3855623 (11 ms) [2275]
[  191.891500] pt_scan: A/T: 47519/3902997 (11 ms) [2275]
[  194.166466] pt_scan: A/T: 47539/3950395 (11 ms) [2275]
[  196.441291] pt_scan: A/T: 47467/3997773 (11 ms) [2275]
[  198.723990] pt_scan: A/T: 416569/4075931 (19 ms) [2551]
[  201.000296] pt_scan: A/T: 560489/4075995 (20 ms) [2600]
[  203.551696] pt_scan: A/T: 621635/4075999 (21 ms) [2630]
[  206.151503] pt_scan: A/T: 632194/4076008 (21 ms) [2630]
[  208.781395] pt_scan: A/T: 637159/4076009 (21 ms) [2630]
[  211.411152] pt_scan: A/T: 638049/4076009 (21 ms) [2630]
[  214.040880] pt_scan: A/T: 638381/4076011 (21 ms) [2630]
[  216.663537] pt_scan: A/T: 325219/3147448 (13 ms) [2338]
[  217.639764] tee (879): drop_caches: 3
[  217.677717] pt_scan: Page walk thread stopped.
[  217.677719] pt_scan: free pt result
[  217.677756] ivshmem_demo_driver 0000:00:0b.0: Removed
