[    7.174390] pt_scan: loading out-of-tree module taints kernel.
[    7.174395] pt_scan: module verification failed: signature and/or required key missing - tainting kernel
[    7.174799] ivshmem_demo_driver 0000:00:0b.0: ivshmem_dev probe ....
[    7.174801] ivshmem_dev probe ....
[    7.174824] res->start = 0x380000000000
[    7.174826] shared memory size = 0x04000000(64MB)
[    7.174838] read str:`
[    7.174856] ivshmem_demo_driver 0000:00:0b.0:  ivshmem_dev_probe success
[    7.174886] pt_scan: register pci driver
[    7.174935] pt_scan: Page walk thread created.
[    7.175526] pt_scan: A/T: 5271/5337 (0 ms) [2000]
[    9.176565] pt_scan: A/T: 36082/38843 (1 ms) [2020]
[   11.176646] pt_scan: A/T: 42637/44054 (1 ms) [2020]
[   13.196242] pt_scan: A/T: 42480/43935 (1 ms) [2020]
[   15.216327] pt_scan: A/T: 42077/43441 (1 ms) [2020]
[   17.236332] pt_scan: A/T: 42090/42609 (1 ms) [2020]
[   19.256239] pt_scan: A/T: 42074/43539 (1 ms) [2020]
[   21.276287] pt_scan: A/T: 42064/42579 (1 ms) [2020]
[   23.296288] pt_scan: A/T: 42082/43696 (1 ms) [2020]
[   25.316175] pt_scan: A/T: 42044/42788 (1 ms) [2020]
[   27.336165] pt_scan: A/T: 42128/44081 (1 ms) [2020]
[   29.356152] pt_scan: A/T: 42098/43151 (1 ms) [2020]
[   31.376192] pt_scan: A/T: 42104/43808 (1 ms) [2020]
[   33.396258] pt_scan: A/T: 42065/43328 (1 ms) [2020]
[   35.416257] pt_scan: A/T: 42078/42237 (1 ms) [2020]
[   37.436712] pt_scan: A/T: 42062/43307 (1 ms) [2020]
[   39.457454] pt_scan: A/T: 42049/42328 (1 ms) [2020]
[   41.477987] pt_scan: A/T: 42080/43477 (1 ms) [2020]
[   43.498377] pt_scan: A/T: 42054/42622 (1 ms) [2020]
[   45.518861] pt_scan: A/T: 42056/43663 (1 ms) [2020]
[   47.539182] pt_scan: A/T: 42075/42614 (1 ms) [2020]
[   49.559549] pt_scan: A/T: 42082/43740 (1 ms) [2020]
[   51.579843] pt_scan: A/T: 42051/42800 (1 ms) [2020]
[   53.600165] pt_scan: A/T: 42058/43874 (1 ms) [2020]
[   55.620318] pt_scan: A/T: 42062/42936 (1 ms) [2020]
[   57.640638] pt_scan: A/T: 42068/43013 (1 ms) [2020]
[   59.660794] pt_scan: A/T: 42067/43096 (1 ms) [2020]
[   61.680842] pt_scan: A/T: 42044/43156 (1 ms) [2020]
[   63.701087] pt_scan: A/T: 42059/43238 (1 ms) [2020]
[   65.721156] pt_scan: A/T: 42091/42363 (1 ms) [2020]
[   67.741238] pt_scan: A/T: 42086/43450 (1 ms) [2020]
[   69.761379] pt_scan: A/T: 42082/42556 (1 ms) [2020]
[   71.781428] pt_scan: A/T: 42086/43636 (1 ms) [2020]
[   73.801488] pt_scan: A/T: 42077/42698 (1 ms) [2020]
[   75.821602] pt_scan: A/T: 42038/43809 (1 ms) [2020]
[   77.841657] pt_scan: A/T: 42054/42823 (1 ms) [2020]
[   79.861655] pt_scan: A/T: 42065/43413 (1 ms) [2020]
[   81.881672] pt_scan: A/T: 42042/42973 (1 ms) [2020]
[   83.901764] pt_scan: A/T: 42103/43076 (1 ms) [2020]
[   85.921725] pt_scan: A/T: 42061/43153 (1 ms) [2020]
[   87.941840] pt_scan: A/T: 42076/42733 (1 ms) [2020]
[   89.961883] pt_scan: A/T: 42049/43316 (1 ms) [2020]
[   91.981807] pt_scan: A/T: 42042/42360 (1 ms) [2020]
[   94.001802] pt_scan: A/T: 42117/43533 (1 ms) [2020]
[   96.021911] pt_scan: A/T: 42088/42572 (1 ms) [2020]
[   98.041874] pt_scan: A/T: 42059/43694 (1 ms) [2020]
[  100.061977] pt_scan: A/T: 42045/42733 (1 ms) [2020]
[  102.080565] pt_scan: A/T: 42028/43789 (1 ms) [2020]
[  104.095523] pt_scan: A/T: 41927/42689 (1 ms) [2020]
[  106.099179] pt_scan: A/T: 41679/43408 (1 ms) [2020]
[  108.114617] pt_scan: A/T: 41991/42413 (1 ms) [2020]
[  110.121376] pt_scan: A/T: 41777/43576 (1 ms) [2020]
[  112.138034] pt_scan: A/T: 41974/42712 (1 ms) [2020]
[  114.150741] pt_scan: A/T: 41883/43076 (1 ms) [2020]
[  116.159661] pt_scan: A/T: 41829/42921 (1 ms) [2020]
[  118.174527] pt_scan: A/T: 41920/42875 (1 ms) [2020]
[  120.189837] pt_scan: A/T: 41946/42819 (1 ms) [2020]
[  122.205524] pt_scan: A/T: 41964/42799 (1 ms) [2020]
[  124.221558] pt_scan: A/T: 42000/43837 (1 ms) [2020]
[  126.238212] pt_scan: A/T: 42032/42863 (1 ms) [2020]
[  128.255041] pt_scan: A/T: 42038/43110 (1 ms) [2020]
[  130.275015] pt_scan: A/T: 42054/43022 (1 ms) [2020]
[  132.289630] pt_scan: A/T: 41954/42967 (1 ms) [2020]
[  134.308321] pt_scan: A/T: 42000/42959 (1 ms) [2020]
[  136.324941] pt_scan: A/T: 41989/42966 (1 ms) [2020]
[  138.343125] pt_scan: A/T: 42006/42988 (1 ms) [2020]
[  140.360830] pt_scan: A/T: 42001/43005 (1 ms) [2020]
[  142.379187] pt_scan: A/T: 42040/43061 (1 ms) [2020]
[  144.397289] pt_scan: A/T: 42024/43101 (1 ms) [2020]
[  146.415601] pt_scan: A/T: 42005/43122 (1 ms) [2020]
[  148.434033] pt_scan: A/T: 42021/43159 (1 ms) [2020]
[  150.452445] pt_scan: A/T: 42063/43238 (1 ms) [2020]
[  152.470988] pt_scan: A/T: 42029/42259 (1 ms) [2020]
[  154.489640] pt_scan: A/T: 42011/43310 (1 ms) [2020]
[  156.508268] pt_scan: A/T: 42031/42333 (1 ms) [2020]
[  158.526828] pt_scan: A/T: 42017/43390 (1 ms) [2020]
[  160.545591] pt_scan: A/T: 42038/42534 (1 ms) [2020]
[  162.564342] pt_scan: A/T: 42023/43478 (1 ms) [2020]
[  164.583113] pt_scan: A/T: 42034/42522 (1 ms) [2020]
[  166.614253] pt_scan: A/T: 42225/43773 (1 ms) [2020]
[  168.646741] pt_scan: A/T: 42313/43071 (1 ms) [2020]
[  170.677653] pt_scan: A/T: 42239/43326 (1 ms) [2020]
[  172.707431] pt_scan: A/T: 42224/43566 (1 ms) [2020]
[  174.736060] pt_scan: A/T: 42224/42782 (1 ms) [2020]
[  176.763694] pt_scan: A/T: 42171/44014 (1 ms) [2020]
[  178.790515] pt_scan: A/T: 42154/43135 (1 ms) [2020]
[  180.816569] pt_scan: A/T: 42612/43763 (1 ms) [2020]
[  182.841888] pt_scan: A/T: 42140/43455 (1 ms) [2020]
[  184.866746] pt_scan: A/T: 42093/42554 (1 ms) [2020]
[  186.890988] pt_scan: A/T: 42144/43713 (1 ms) [2020]
[  188.914815] pt_scan: A/T: 42100/42804 (1 ms) [2020]
[  190.938376] pt_scan: A/T: 42089/43933 (1 ms) [2020]
[  192.961471] pt_scan: A/T: 42109/43055 (1 ms) [2020]
[  194.984260] pt_scan: A/T: 42076/43122 (1 ms) [2020]
[  197.010916] pt_scan: A/T: 208672/211089 (5 ms) [2110]
[  199.039264] pt_scan: A/T: 509250/511535 (11 ms) [2275]
[  201.150741] pt_scan: A/T: 528029/530984 (10 ms) [2250]
[  203.428550] pt_scan: A/T: 564872/567336 (11 ms) [2275]
[  205.680171] pt_scan: A/T: 559461/562788 (10 ms) [2250]
[  207.957134] pt_scan: A/T: 564346/566825 (10 ms) [2250]
[  210.208329] pt_scan: A/T: 558820/561711 (10 ms) [2250]
[  212.460170] pt_scan: A/T: 559143/561348 (10 ms) [2250]
[  214.710450] pt_scan: A/T: 494370/497134 (9 ms) [2216]
[  216.799676] tee (877): drop_caches: 3
[  216.841038] pt_scan: Page walk thread stopped.
[  216.841041] pt_scan: free pt result
[  216.841080] ivshmem_demo_driver 0000:00:0b.0: Removed
