[   12.454533] pt_scan: loading out-of-tree module taints kernel.
[   12.454537] pt_scan: module verification failed: signature and/or required key missing - tainting kernel
[   12.454975] ivshmem_demo_driver 0000:00:0b.0: ivshmem_dev probe ....
[   12.454976] ivshmem_dev probe ....
[   12.455001] res->start = 0x380000000000
[   12.455003] shared memory size = 0x04000000(64MB)
[   12.455016] read str:\x06
[   12.455036] ivshmem_demo_driver 0000:00:0b.0:  ivshmem_dev_probe success
[   12.455068] pt_scan: register pci driver
[   12.455135] pt_scan: Page walk thread created.
[   12.455137] pt_scan: SCAN_K = 8
[   12.457650] pt_scan: A/T: 67777/69939 (2 ms) [2632] [0 GB]
[   12.491481] tee (837): drop_caches: 3
[   14.956533] pt_scan: A/T: 5652/72810 (1 ms) [2558] [0 GB]
[   17.588394] pt_scan: A/T: 1467/68905 (1 ms) [2558] [0 GB]
[   20.146320] pt_scan: A/T: 1746/68955 (1 ms) [2558] [0 GB]
[   22.704286] pt_scan: A/T: 1656/68955 (1 ms) [2558] [0 GB]
[   25.262235] pt_scan: A/T: 2040/68968 (1 ms) [2558] [0 GB]
[   27.820206] pt_scan: A/T: 1410/68967 (1 ms) [2558] [0 GB]
[   30.378247] pt_scan: A/T: 1316/68968 (1 ms) [2558] [0 GB]
[   32.936361] pt_scan: A/T: 2809/65291 (1 ms) [2558] [0 GB]
[   35.494297] pt_scan: A/T: 4594/67512 (1 ms) [2558] [0 GB]
[   38.053205] pt_scan: A/T: 60332/126636 (2 ms) [2632] [0 GB]
[   40.611438] pt_scan: A/T: 61057/185719 (2 ms) [2632] [0 GB]
[   43.243666] pt_scan: A/T: 62119/246590 (2 ms) [2632] [0 GB]
[   45.875828] pt_scan: A/T: 63411/307495 (2 ms) [2632] [1 GB]
[   48.507947] pt_scan: A/T: 61594/368186 (2 ms) [2632] [1 GB]
[   51.140078] pt_scan: A/T: 62041/429012 (2 ms) [2632] [1 GB]
[   53.772237] pt_scan: A/T: 62072/489826 (3 ms) [2722] [1 GB]
[   56.404384] pt_scan: A/T: 61967/550644 (3 ms) [2722] [2 GB]
[   59.126563] pt_scan: A/T: 64042/613525 (3 ms) [2722] [2 GB]
[   61.848744] pt_scan: A/T: 63829/676393 (3 ms) [2722] [2 GB]
[   64.570884] pt_scan: A/T: 63887/739256 (3 ms) [2722] [2 GB]
[   67.293040] pt_scan: A/T: 63913/802135 (3 ms) [2722] [3 GB]
[   70.015204] pt_scan: A/T: 63975/865040 (4 ms) [2828] [3 GB]
[   72.737332] pt_scan: A/T: 63924/928030 (4 ms) [2828] [3 GB]
[   75.565556] pt_scan: A/T: 66375/993451 (4 ms) [2828] [3 GB]
[   78.393753] pt_scan: A/T: 67236/1058920 (4 ms) [2828] [4 GB]
[   81.221809] pt_scan: A/T: 67649/1116244 (4 ms) [2828] [4 GB]
[   84.049979] pt_scan: A/T: 66740/1181648 (4 ms) [2828] [4 GB]
[   86.878119] pt_scan: A/T: 66354/1247035 (4 ms) [2828] [4 GB]
[   89.729494] pt_scan: A/T: 1313429/1369460 (28 ms) [10172] [5 GB]
[   92.567991] pt_scan: A/T: 2011818/2211543 (38 ms) [15952] [8 GB]
[  102.742877] pt_scan: A/T: 1819118/2587796 (39 ms) [16618] [9 GB]
[  118.687936] pt_scan: A/T: 1219746/2587796 (32 ms) [12292] [9 GB]
[  135.306638] pt_scan: A/T: 1152562/2587799 (31 ms) [11738] [9 GB]
[  147.593155] pt_scan: A/T: 1152083/2587798 (26 ms) [9208] [9 GB]
[  159.335038] pt_scan: A/T: 1152309/2587798 (31 ms) [11738] [9 GB]
[  168.545698] pt_scan: A/T: 1151637/2587799 (34 ms) [13448] [9 GB]
[  180.281185] pt_scan: A/T: 1219030/2587799 (30 ms) [11200] [9 GB]
[  193.728405] pt_scan: A/T: 1219176/2587799 (29 ms) [10678] [9 GB]
[  204.930471] pt_scan: A/T: 1219552/2587798 (31 ms) [11738] [9 GB]
[  215.605093] pt_scan: A/T: 1172043/2604131 (29 ms) [10678] [9 GB]
[  227.346150] pt_scan: A/T: 1154474/2599750 (31 ms) [11738] [9 GB]
[  238.022489] pt_scan: A/T: 1152302/2599799 (31 ms) [11738] [9 GB]
[  249.763079] pt_scan: A/T: 1152224/2599800 (31 ms) [11738] [9 GB]
[  261.495138] pt_scan: A/T: 1151889/2599799 (27 ms) [9682] [9 GB]
[  273.239808] pt_scan: A/T: 1151840/2599799 (32 ms) [12292] [9 GB]
[  282.917699] pt_scan: A/T: 1219286/2599800 (30 ms) [11200] [9 GB]
[  295.206924] pt_scan: A/T: 1219198/2599798 (27 ms) [9682] [9 GB]
[  306.411332] pt_scan: A/T: 1221085/2599802 (32 ms) [12292] [9 GB]
[  316.094207] pt_scan: A/T: 1151734/2599802 (31 ms) [11738] [9 GB]
[  328.381720] pt_scan: A/T: 1152033/2599802 (26 ms) [9208] [9 GB]
[  340.119903] pt_scan: A/T: 1152289/2599802 (28 ms) [10172] [9 GB]
[  349.330108] pt_scan: A/T: 1152440/2599802 (30 ms) [11200] [9 GB]
[  359.500975] pt_scan: A/T: 1151681/2599803 (29 ms) [10678] [9 GB]
[  370.698612] pt_scan: A/T: 1151961/2599802 (27 ms) [9682] [9 GB]
[  381.380492] pt_scan: A/T: 1151844/2599802 (29 ms) [10678] [9 GB]
[  391.062507] pt_scan: A/T: 1218964/2599803 (31 ms) [11738] [9 GB]
[  401.742374] pt_scan: A/T: 1219393/2599802 (31 ms) [11738] [9 GB]
[  413.478112] pt_scan: A/T: 1151880/2599803 (30 ms) [11200] [9 GB]
[  425.215754] pt_scan: A/T: 1151843/2599803 (28 ms) [10172] [9 GB]
[  436.418341] pt_scan: A/T: 1153561/2599803 (31 ms) [11738] [9 GB]
[  446.588055] pt_scan: A/T: 1151762/2599804 (28 ms) [10172] [9 GB]
[  458.326144] pt_scan: A/T: 1152310/2599804 (30 ms) [11200] [9 GB]
[  468.495437] pt_scan: A/T: 1151927/2599804 (28 ms) [10172] [9 GB]
[  479.696343] pt_scan: A/T: 1152387/2599802 (29 ms) [10678] [9 GB]
[  489.868654] pt_scan: A/T: 1152466/2599803 (29 ms) [10678] [9 GB]
[  500.550639] pt_scan: A/T: 1219643/2599805 (31 ms) [11738] [9 GB]
[  511.226941] pt_scan: A/T: 1152135/2599805 (31 ms) [11738] [9 GB]
[  522.962900] pt_scan: A/T: 1152043/2599805 (27 ms) [9682] [9 GB]
[  534.701403] pt_scan: A/T: 1152039/2599805 (30 ms) [11200] [9 GB]
[  544.380494] pt_scan: A/T: 1151090/2599337 (25 ms) [8750] [9 GB]
[  555.585893] pt_scan: A/T: 1152204/2599805 (30 ms) [11200] [9 GB]
[  564.333374] pt_scan: A/T: 1151806/2599805 (30 ms) [11200] [9 GB]
[  575.532984] pt_scan: A/T: 1151773/2599805 (29 ms) [10678] [9 GB]
[  586.733902] pt_scan: A/T: 1219903/2599805 (30 ms) [11200] [9 GB]
[  597.414431] pt_scan: A/T: 1219156/2599805 (31 ms) [11738] [9 GB]
[  608.614980] pt_scan: A/T: 1220249/2599816 (31 ms) [11738] [9 GB]
[  620.352307] pt_scan: A/T: 1152493/2599816 (33 ms) [12862] [9 GB]
[  632.092337] pt_scan: A/T: 1152308/2599817 (33 ms) [12862] [9 GB]
[  644.946851] pt_scan: A/T: 1152176/2599817 (27 ms) [9682] [9 GB]
[  657.809840] pt_scan: A/T: 1151783/2599818 (26 ms) [9208] [9 GB]
[  667.490801] pt_scan: A/T: 1152198/2599817 (27 ms) [9682] [9 GB]
[  676.698687] pt_scan: A/T: 1151658/2599817 (27 ms) [9682] [9 GB]
[  686.384666] pt_scan: A/T: 1151509/2599817 (29 ms) [10678] [9 GB]
[  696.065267] pt_scan: A/T: 1218622/2599817 (30 ms) [11200] [9 GB]
[  706.748696] pt_scan: A/T: 1218694/2599349 (33 ms) [12862] [9 GB]
[  717.944119] pt_scan: A/T: 1152159/2599816 (28 ms) [10172] [9 GB]
[  730.806206] pt_scan: A/T: 1151968/2599818 (31 ms) [11738] [9 GB]
[  740.979522] pt_scan: A/T: 1151833/2599818 (32 ms) [12292] [9 GB]
[  752.719561] pt_scan: A/T: 1151872/2599819 (32 ms) [12292] [9 GB]
[  765.005663] pt_scan: A/T: 1152348/2599818 (26 ms) [9208] [9 GB]
[  777.297599] pt_scan: A/T: 1151876/2599818 (26 ms) [9208] [9 GB]
[  786.506844] pt_scan: A/T: 1151859/2599819 (27 ms) [9682] [9 GB]
[  795.715430] pt_scan: A/T: 1152256/2599818 (28 ms) [10172] [9 GB]
[  805.396341] pt_scan: A/T: 1219012/2599819 (29 ms) [10678] [9 GB]
[  815.572650] pt_scan: A/T: 1219701/2599820 (33 ms) [12862] [9 GB]
[  826.251462] pt_scan: A/T: 1151957/2599819 (32 ms) [12292] [9 GB]
[  839.109353] pt_scan: A/T: 1151817/2599820 (30 ms) [11200] [9 GB]
[  851.402489] pt_scan: A/T: 1152177/2599819 (31 ms) [11738] [9 GB]
[  862.598236] pt_scan: A/T: 1151947/2599819 (27 ms) [9682] [9 GB]
[  874.342739] pt_scan: A/T: 1151833/2599820 (31 ms) [11738] [9 GB]
[  884.020635] pt_scan: A/T: 1152253/2599820 (29 ms) [10678] [9 GB]
[  895.763344] pt_scan: A/T: 1151942/2599821 (32 ms) [12292] [9 GB]
[  906.435546] pt_scan: A/T: 1153079/2599352 (28 ms) [10172] [9 GB]
[  918.732186] pt_scan: A/T: 1219222/2599820 (33 ms) [12862] [9 GB]
[  928.901561] pt_scan: A/T: 1151378/2599820 (30 ms) [11200] [9 GB]
[  941.765262] pt_scan: A/T: 1152013/2599820 (30 ms) [11200] [9 GB]
[  952.968981] pt_scan: A/T: 1151983/2599820 (33 ms) [12862] [9 GB]
[  964.166396] pt_scan: A/T: 1151416/2599821 (31 ms) [11738] [9 GB]
[  977.022066] pt_scan: A/T: 1151703/2599353 (26 ms) [9208] [9 GB]
[  988.765397] pt_scan: A/T: 1151895/2599821 (30 ms) [11200] [9 GB]
[  997.974612] pt_scan: A/T: 1151806/2599821 (31 ms) [11738] [9 GB]
[ 1009.175196] pt_scan: A/T: 1218993/2599821 (32 ms) [12292] [9 GB]
[ 1020.909143] pt_scan: A/T: 1218677/2599821 (29 ms) [10678] [9 GB]
[ 1033.200768] pt_scan: A/T: 1153559/2599827 (29 ms) [10678] [9 GB]
[ 1043.878438] pt_scan: A/T: 1151729/2599827 (27 ms) [9682] [9 GB]
[ 1054.557625] pt_scan: A/T: 1151526/2599826 (30 ms) [11200] [9 GB]
[ 1064.237353] pt_scan: A/T: 1152161/2599826 (26 ms) [9208] [9 GB]
[ 1075.441278] pt_scan: A/T: 1152478/2599828 (30 ms) [11200] [9 GB]
[ 1084.652124] pt_scan: A/T: 1151730/2599828 (32 ms) [12292] [9 GB]
[ 1092.435697] tee (1991): drop_caches: 3
[ 1092.473940] pt_scan: Page walk thread stopped.
[ 1092.473942] pt_scan: free pt result
[ 1092.473980] ivshmem_demo_driver 0000:00:0b.0: Removed
