[   22.569048] pt_scan: loading out-of-tree module taints kernel.
[   22.569054] pt_scan: module verification failed: signature and/or required key missing - tainting kernel
[   22.569481] ivshmem_demo_driver 0000:00:0b.0: ivshmem_dev probe ....
[   22.569482] ivshmem_dev probe ....
[   22.569506] res->start = 0x380000000000
[   22.569507] shared memory size = 0x04000000(64MB)
[   22.569519] read str:U
[   22.569546] ivshmem_demo_driver 0000:00:0b.0:  ivshmem_dev_probe success
[   22.569577] pt_scan: register pci driver
[   22.569625] pt_scan: Page walk thread created.
[   22.572215] pt_scan: A/T: 59905/62238 (2 ms) [2042]
[   24.639159] pt_scan: A/T: 2692142/2753036 (68 ms) [5672]
[   26.637862] pt_scan: A/T: 791957/2748949 (22 ms) [2682]
[   32.371092] pt_scan: A/T: 3988335/4945017 (83 ms) [7063]
[   35.029963] pt_scan: A/T: 2898874/5628859 (62 ms) [5162]
[   42.139238] pt_scan: A/T: 3188794/5628859 (71 ms) [5905]
[   47.309858] pt_scan: A/T: 3065370/5628859 (65 ms) [5380]
[   53.221329] pt_scan: A/T: 3111086/5628860 (65 ms) [5380]
[   58.604281] pt_scan: A/T: 3078286/5628860 (65 ms) [5380]
[   63.986774] pt_scan: A/T: 3078953/5628860 (65 ms) [5380]
[   69.367898] pt_scan: A/T: 3078990/5628860 (66 ms) [5498]
[   74.747958] pt_scan: A/T: 3078920/5628861 (65 ms) [5380]
[   80.229638] pt_scan: A/T: 2784582/2865493 (50 ms) [4250]
[   85.615590] pt_scan: A/T: 2884266/2941899 (55 ms) [4585]
[   89.865123] pt_scan: A/T: 2884066/2941899 (53 ms) [4438]
[   94.449783] pt_scan: A/T: 2884175/2941899 (53 ms) [4438]
[   98.890224] pt_scan: A/T: 2884285/2941899 (53 ms) [4438]
[  103.332561] pt_scan: A/T: 2884057/2941899 (59 ms) [4891]
[  107.766101] pt_scan: A/T: 2884172/2941899 (53 ms) [4438]
[  112.653871] pt_scan: A/T: 2884069/2941900 (53 ms) [4438]
[  117.094551] pt_scan: A/T: 2884172/2941900 (53 ms) [4438]
[  121.531406] pt_scan: A/T: 2884022/2941900 (54 ms) [4538]
[  125.971070] pt_scan: A/T: 2884052/2941900 (53 ms) [4438]
[  130.507112] pt_scan: A/T: 2884684/2941900 (53 ms) [4438]
[  134.948428] pt_scan: A/T: 2884584/2941901 (55 ms) [4585]
[  139.389153] pt_scan: A/T: 2884170/2941901 (59 ms) [4891]
[  143.972140] pt_scan: A/T: 2884094/2941901 (55 ms) [4585]
[  148.859686] pt_scan: A/T: 2884093/2941901 (54 ms) [4538]
[  153.448245] pt_scan: A/T: 2884234/2941901 (55 ms) [4585]
[  157.983866] pt_scan: A/T: 2884073/2941901 (55 ms) [4585]
[  162.565660] pt_scan: A/T: 2884173/2941901 (52 ms) [4392]
[  167.155497] pt_scan: A/T: 2884086/2941902 (54 ms) [4538]
[  171.545965] pt_scan: A/T: 2884173/2941902 (53 ms) [4438]
[  176.083262] pt_scan: A/T: 2884090/2941902 (54 ms) [4538]
[  180.523099] pt_scan: A/T: 2884082/2941902 (54 ms) [4538]
[  185.058893] pt_scan: A/T: 2884171/2941902 (54 ms) [4538]
[  189.598452] pt_scan: A/T: 2884305/2941902 (53 ms) [4438]
[  193.060924] tee (872): drop_caches: 3
[  193.098670] pt_scan: Page walk thread stopped.
[  193.098672] pt_scan: free pt result
[  193.098709] ivshmem_demo_driver 0000:00:0b.0: Removed
