[    7.582660] pt_scan: loading out-of-tree module taints kernel.
[    7.582665] pt_scan: module verification failed: signature and/or required key missing - tainting kernel
[    7.583075] ivshmem_demo_driver 0000:00:0b.0: ivshmem_dev probe ....
[    7.583077] ivshmem_dev probe ....
[    7.583102] res->start = 0x380000000000
[    7.583103] shared memory size = 0x04000000(64MB)
[    7.583115] read str:$
[    7.583137] ivshmem_demo_driver 0000:00:0b.0:  ivshmem_dev_probe success
[    7.583169] pt_scan: register pci driver
[    7.583242] pt_scan: Page walk thread created.
[    7.583835] pt_scan: A/T: 5945/6011 (0 ms) [2000]
[    9.644667] pt_scan: A/T: 2454617/2455023 (57 ms) [4736]
[   11.600664] pt_scan: A/T: 682670/689517 (13 ms) [2338]
[   16.349239] pt_scan: A/T: 1643702/1651511 (29 ms) [2986]
[   18.723232] pt_scan: A/T: 3048379/3058381 (63 ms) [5213]
[   21.702447] pt_scan: A/T: 2901898/2906827 (55 ms) [4585]
[   26.916955] pt_scan: A/T: 3027094/3036363 (57 ms) [4736]
[   31.500239] pt_scan: A/T: 2992005/2999546 (57 ms) [4736]
[   36.243231] pt_scan: A/T: 3000287/3007249 (63 ms) [5213]
[   40.974081] pt_scan: A/T: 3017868/3026123 (57 ms) [4736]
[   46.191796] pt_scan: A/T: 3047171/3056331 (58 ms) [4842]
[   50.927754] pt_scan: A/T: 3018336/3027147 (57 ms) [4736]
[   55.768577] pt_scan: A/T: 3024487/3031767 (57 ms) [4736]
[   60.504797] pt_scan: A/T: 3018415/3027188 (57 ms) [4736]
[   65.232470] pt_scan: A/T: 2755506/2765161 (48 ms) [4112]
[   69.975723] pt_scan: A/T: 2883635/2883831 (55 ms) [4585]
[   74.084401] pt_scan: A/T: 2883527/2883791 (52 ms) [4392]
[   78.668110] pt_scan: A/T: 2883585/2883791 (52 ms) [4392]
[   83.060306] pt_scan: A/T: 2883619/2883791 (52 ms) [4392]
[   87.456125] pt_scan: A/T: 2883548/2883791 (55 ms) [4585]
[   91.843954] pt_scan: A/T: 2883619/2883831 (51 ms) [4295]
[   96.432809] pt_scan: A/T: 2883573/2883803 (52 ms) [4392]
[  100.724759] pt_scan: A/T: 2883575/2883823 (52 ms) [4392]
[  105.116616] pt_scan: A/T: 2883619/2883791 (53 ms) [4438]
[  109.507738] pt_scan: A/T: 2883583/2883791 (52 ms) [4392]
[  113.947014] pt_scan: A/T: 2883623/2883803 (52 ms) [4392]
[  118.339013] pt_scan: A/T: 2883557/2883791 (52 ms) [4392]
[  122.730493] pt_scan: A/T: 2883546/2883791 (52 ms) [4392]
[  127.122226] pt_scan: A/T: 2883619/2883791 (52 ms) [4392]
[  131.513341] pt_scan: A/T: 2883546/2883791 (52 ms) [4392]
[  135.906073] pt_scan: A/T: 2883565/2883907 (53 ms) [4438]
[  140.297575] pt_scan: A/T: 2883619/2883791 (53 ms) [4438]
[  144.733078] pt_scan: A/T: 2883667/2883877 (52 ms) [4392]
[  149.173405] pt_scan: A/T: 2883619/2883791 (53 ms) [4438]
[  153.564382] pt_scan: A/T: 2883584/2883831 (52 ms) [4392]
[  158.000354] pt_scan: A/T: 2883583/2883791 (52 ms) [4392]
[  162.392205] pt_scan: A/T: 2883619/2883791 (52 ms) [4392]
[  166.788894] pt_scan: A/T: 2883569/2883850 (53 ms) [4438]
[  171.175615] pt_scan: A/T: 2883619/2883791 (52 ms) [4392]
[  175.615855] pt_scan: A/T: 2883600/2883843 (52 ms) [4392]
[  180.007436] pt_scan: A/T: 2883587/2883791 (52 ms) [4392]
[  182.466476] tee (865): drop_caches: 3
[  182.504141] pt_scan: Page walk thread stopped.
[  182.504143] pt_scan: free pt result
[  182.504181] ivshmem_demo_driver 0000:00:0b.0: Removed
