[   20.340514] pt_scan: loading out-of-tree module taints kernel.
[   20.340519] pt_scan: module verification failed: signature and/or required key missing - tainting kernel
[   20.340947] ivshmem_demo_driver 0000:00:0b.0: ivshmem_dev probe ....
[   20.340949] ivshmem_dev probe ....
[   20.341002] res->start = 0x380000000000
[   20.341003] shared memory size = 0x04000000(64MB)
[   20.341016] read str:]
[   20.341040] ivshmem_demo_driver 0000:00:0b.0:  ivshmem_dev_probe success
[   20.341072] pt_scan: register pci driver
[   20.341132] pt_scan: Page walk thread created.
[   20.341665] pt_scan: A/T: 3238/3305 (0 ms) [2000]
[   22.341555] pt_scan: A/T: 567/1028 (0 ms) [2000]
[   24.341376] pt_scan: A/T: 13/185 (0 ms) [2000]
[   26.343483] pt_scan: A/T: 80845/81180 (2 ms) [2042]
[   28.344299] pt_scan: A/T: 129070/133435 (3 ms) [2063]
[   30.386441] pt_scan: A/T: 143387/185066 (3 ms) [2063]
[   32.449704] pt_scan: A/T: 153642/234739 (3 ms) [2063]
[   34.513101] pt_scan: A/T: 168436/285239 (3 ms) [2063]
[   36.576375] pt_scan: A/T: 179740/334920 (4 ms) [2088]
[   38.625130] pt_scan: A/T: 188224/380429 (4 ms) [2088]
[   40.701353] pt_scan: A/T: 201651/430447 (4 ms) [2088]
[   42.780612] pt_scan: A/T: 219142/490723 (5 ms) [2110]
[   44.861537] pt_scan: A/T: 216874/526991 (5 ms) [2110]
[   46.966830] pt_scan: A/T: 243912/581305 (5 ms) [2110]
[   49.072800] pt_scan: A/T: 250717/622757 (5 ms) [2110]
[   51.179982] pt_scan: A/T: 257895/663315 (6 ms) [2138]
[   53.287931] pt_scan: A/T: 266376/707418 (6 ms) [2138]
[   55.424222] pt_scan: A/T: 248352/757104 (6 ms) [2138]
[   57.561032] pt_scan: A/T: 256966/805034 (6 ms) [2138]
[   59.698483] pt_scan: A/T: 265983/854173 (7 ms) [2161]
[   61.835982] pt_scan: A/T: 273874/902964 (7 ms) [2161]
[   63.996896] pt_scan: A/T: 286538/965637 (7 ms) [2161]
[   66.157667] pt_scan: A/T: 292007/1000996 (7 ms) [2161]
[   68.319475] pt_scan: A/T: 352759/1061831 (9 ms) [2216]
[   70.477342] pt_scan: A/T: 379150/1102224 (9 ms) [2216]
[   72.690719] pt_scan: A/T: 385590/1143420 (9 ms) [2216]
[   74.903324] pt_scan: A/T: 389929/1184555 (9 ms) [2216]
[   77.116678] pt_scan: A/T: 393975/1226346 (9 ms) [2216]
[   79.330590] pt_scan: A/T: 392283/1271026 (9 ms) [2216]
[   81.552974] pt_scan: A/T: 616048/2547479 (18 ms) [2522]
[   83.769996] pt_scan: A/T: 800234/2550882 (21 ms) [2630]
[   86.290512] pt_scan: A/T: 861973/2601635 (21 ms) [2630]
[   88.919276] pt_scan: A/T: 890379/2655935 (22 ms) [2682]
[   91.548154] pt_scan: A/T: 891922/2709737 (22 ms) [2682]
[   94.228923] pt_scan: A/T: 909274/2763979 (22 ms) [2682]
[   96.910024] pt_scan: A/T: 927090/2817328 (23 ms) [2713]
[   99.590958] pt_scan: A/T: 927465/2871858 (23 ms) [2713]
[  102.301554] pt_scan: A/T: 868066/2938746 (21 ms) [2630]
[  105.014606] pt_scan: A/T: 878153/2981558 (22 ms) [2682]
[  107.644997] pt_scan: A/T: 951885/3033953 (24 ms) [2768]
[  110.326238] pt_scan: A/T: 962551/3086261 (24 ms) [2768]
[  113.094270] pt_scan: A/T: 992736/3141564 (24 ms) [2768]
[  115.861639] pt_scan: A/T: 996638/3195809 (25 ms) [2800]
[  118.629393] pt_scan: A/T: 1013742/3250726 (25 ms) [2800]
[  121.428868] pt_scan: A/T: 1018950/3305622 (25 ms) [2800]
[  124.228680] pt_scan: A/T: 1028130/3359617 (26 ms) [2858]
[  127.028047] pt_scan: A/T: 1042707/3416372 (26 ms) [2858]
[  129.886685] pt_scan: A/T: 1049959/3468868 (27 ms) [2891]
[  132.733525] pt_scan: A/T: 698375/2334407 (17 ms) [2476]
[  135.640768] pt_scan: A/T: 744110/2394583 (17 ms) [2476]
[  138.133908] pt_scan: A/T: 729515/2436880 (17 ms) [2476]
[  140.624632] pt_scan: A/T: 736301/2479261 (17 ms) [2476]
[  143.113204] pt_scan: A/T: 740916/2521364 (18 ms) [2522]
[  145.600371] pt_scan: A/T: 745145/2564300 (18 ms) [2522]
[  148.132095] pt_scan: A/T: 751530/2605383 (18 ms) [2522]
[  150.662749] pt_scan: A/T: 755639/2649124 (18 ms) [2522]
[  153.192214] pt_scan: A/T: 759381/2691369 (18 ms) [2522]
[  155.720630] pt_scan: A/T: 696387/2739977 (18 ms) [2522]
[  158.248224] pt_scan: A/T: 687583/2785333 (18 ms) [2522]
[  160.775141] pt_scan: A/T: 693922/2833447 (18 ms) [2522]
[  163.301718] pt_scan: A/T: 699689/2881557 (18 ms) [2522]
[  165.828103] pt_scan: A/T: 703419/2927532 (19 ms) [2551]
[  168.353572] pt_scan: A/T: 707711/2975430 (19 ms) [2551]
[  170.907587] pt_scan: A/T: 642343/3025397 (19 ms) [2551]
[  173.458928] pt_scan: A/T: 509370/3077630 (16 ms) [2448]
[  176.012787] pt_scan: A/T: 514724/3131462 (16 ms) [2448]
[  178.463195] pt_scan: A/T: 511446/3182065 (16 ms) [2448]
[  180.913605] pt_scan: A/T: 516727/3233070 (16 ms) [2448]
[  183.364229] pt_scan: A/T: 518117/3283336 (17 ms) [2476]
[  185.814004] pt_scan: A/T: 524430/3332010 (17 ms) [2476]
[  188.292140] pt_scan: A/T: 532953/3382685 (17 ms) [2476]
[  190.769982] pt_scan: A/T: 537845/3434130 (17 ms) [2476]
[  193.267044] pt_scan: A/T: 1112036/6862138 (37 ms) [3406]
[  195.746750] pt_scan: A/T: 1233290/6826756 (39 ms) [3521]
[  199.157716] pt_scan: A/T: 1485841/6887961 (44 ms) [3848]
[  202.676266] pt_scan: A/T: 1550232/6952757 (44 ms) [3848]
[  206.523546] pt_scan: A/T: 1633380/7025720 (46 ms) [3978]
[  210.369220] pt_scan: A/T: 1646674/7098445 (46 ms) [3978]
[  214.346435] pt_scan: A/T: 1692300/7172601 (47 ms) [4021]
[  218.322608] pt_scan: A/T: 1681630/7247613 (47 ms) [4021]
[  222.343410] pt_scan: A/T: 1722130/7323652 (48 ms) [4112]
[  226.363614] pt_scan: A/T: 1718045/7399676 (48 ms) [4112]
[  230.476388] pt_scan: A/T: 1777186/7477660 (49 ms) [4156]
[  234.587718] pt_scan: A/T: 1775546/7554059 (49 ms) [4156]
[  238.744367] pt_scan: A/T: 1793618/7631407 (50 ms) [4250]
[  242.900686] pt_scan: A/T: 1798295/7709177 (50 ms) [4250]
[  246.688381] tee (921): drop_caches: 3
[  246.742516] pt_scan: Page walk thread stopped.
[  246.742519] pt_scan: free pt result
[  246.742557] ivshmem_demo_driver 0000:00:0b.0: Removed
