[   15.885248] pt_scan: loading out-of-tree module taints kernel.
[   15.885253] pt_scan: module verification failed: signature and/or required key missing - tainting kernel
[   15.885612] ivshmem_demo_driver 0000:00:0b.0: ivshmem_dev probe ....
[   15.885614] ivshmem_dev probe ....
[   15.885637] res->start = 0x380000000000
[   15.885638] shared memory size = 0x04000000(64MB)
[   15.885649] read str:r
[   15.885671] ivshmem_demo_driver 0000:00:0b.0:  ivshmem_dev_probe success
[   15.885698] pt_scan: register pci driver
[   15.885741] pt_scan: Page walk thread created.
[   15.888054] pt_scan: A/T: 59807/62136 (2 ms) [2042]
[   17.886907] pt_scan: A/T: 4858/65244 (1 ms) [2020]
[   19.928785] pt_scan: A/T: 874/61179 (0 ms) [2000]
[   21.951567] pt_scan: A/T: 120420/180116 (3 ms) [2063]
[   23.951783] pt_scan: A/T: 138342/233033 (4 ms) [2088]
[   26.015131] pt_scan: A/T: 151669/285942 (4 ms) [2088]
[   28.103369] pt_scan: A/T: 162657/334669 (4 ms) [2088]
[   30.191719] pt_scan: A/T: 175791/386607 (4 ms) [2088]
[   32.280170] pt_scan: A/T: 192570/435785 (5 ms) [2110]
[   34.368231] pt_scan: A/T: 197285/478985 (5 ms) [2110]
[   36.478482] pt_scan: A/T: 206517/529522 (5 ms) [2110]
[   38.588713] pt_scan: A/T: 213282/579833 (5 ms) [2110]
[   40.699070] pt_scan: A/T: 223394/629497 (6 ms) [2138]
[   42.809668] pt_scan: A/T: 253451/682426 (6 ms) [2138]
[   44.947745] pt_scan: A/T: 257663/723878 (6 ms) [2138]
[   47.086222] pt_scan: A/T: 265646/767125 (7 ms) [2161]
[   49.225687] pt_scan: A/T: 273544/812487 (7 ms) [2161]
[   51.387803] pt_scan: A/T: 256279/862781 (7 ms) [2161]
[   53.550014] pt_scan: A/T: 262588/912662 (7 ms) [2161]
[   55.712025] pt_scan: A/T: 271296/962378 (7 ms) [2161]
[   57.874142] pt_scan: A/T: 278037/1010899 (8 ms) [2192]
[   60.036002] pt_scan: A/T: 287891/1059916 (8 ms) [2192]
[   62.229028] pt_scan: A/T: 299035/1109488 (9 ms) [2216]
[   64.422744] pt_scan: A/T: 362733/1169639 (10 ms) [2250]
[   66.639192] pt_scan: A/T: 385759/1212308 (10 ms) [2250]
[   68.889655] pt_scan: A/T: 391451/1255547 (10 ms) [2250]
[   71.140038] pt_scan: A/T: 395979/1298669 (10 ms) [2250]
[   73.390522] pt_scan: A/T: 401523/1338213 (10 ms) [2250]
[   75.640728] pt_scan: A/T: 398947/1385291 (10 ms) [2250]
[   77.900959] pt_scan: A/T: 686744/2673506 (20 ms) [2600]
[   80.152545] pt_scan: A/T: 816186/2717501 (22 ms) [2682]
[   82.753611] pt_scan: A/T: 884118/2770618 (22 ms) [2682]
[   85.436359] pt_scan: A/T: 909271/2825667 (23 ms) [2713]
[   88.118190] pt_scan: A/T: 911915/2880749 (23 ms) [2713]
[   90.831091] pt_scan: A/T: 896192/2936383 (23 ms) [2713]
[   93.542505] pt_scan: A/T: 784529/2979456 (21 ms) [2630]
[   96.258681] pt_scan: A/T: 949397/3034788 (24 ms) [2768]
[   98.888727] pt_scan: A/T: 944659/3088322 (24 ms) [2768]
[  101.657549] pt_scan: A/T: 978606/3144327 (25 ms) [2800]
[  104.425696] pt_scan: A/T: 982192/3199987 (25 ms) [2800]
[  107.229184] pt_scan: A/T: 998796/3256103 (28 ms) [2952]
[  110.026773] pt_scan: A/T: 1004227/3311884 (26 ms) [2858]
[  112.979498] pt_scan: A/T: 1035301/3370353 (26 ms) [2858]
[  115.837851] pt_scan: A/T: 1038641/3426784 (27 ms) [2891]
[  118.695560] pt_scan: A/T: 1039451/3482845 (26 ms) [2858]
[  121.587508] pt_scan: A/T: 1063306/3539358 (27 ms) [2891]
[  124.445474] pt_scan: A/T: 1055597/3594634 (27 ms) [2891]
[  127.326664] pt_scan: A/T: 624998/2423115 (17 ms) [2476]
[  130.218893] pt_scan: A/T: 737027/2484635 (18 ms) [2522]
[  132.695401] pt_scan: A/T: 730344/2527505 (19 ms) [2551]
[  135.217103] pt_scan: A/T: 734528/2570599 (18 ms) [2522]
[  137.768326] pt_scan: A/T: 741361/2614394 (18 ms) [2522]
[  140.290803] pt_scan: A/T: 745208/2657381 (19 ms) [2551]
[  142.812743] pt_scan: A/T: 748620/2700195 (19 ms) [2551]
[  145.364076] pt_scan: A/T: 752332/2743360 (19 ms) [2551]
[  147.915287] pt_scan: A/T: 756446/2786353 (19 ms) [2551]
[  150.466370] pt_scan: A/T: 759555/2821155 (19 ms) [2551]
[  153.017172] pt_scan: A/T: 685151/2869651 (19 ms) [2551]
[  155.568406] pt_scan: A/T: 688477/2917701 (19 ms) [2551]
[  158.119969] pt_scan: A/T: 693689/2965602 (20 ms) [2600]
[  160.671149] pt_scan: A/T: 697090/3012954 (20 ms) [2600]
[  163.271336] pt_scan: A/T: 703356/3060212 (20 ms) [2600]
[  165.871623] pt_scan: A/T: 704322/3106805 (20 ms) [2600]
[  168.471191] pt_scan: A/T: 658252/3146739 (20 ms) [2600]
[  171.068389] pt_scan: A/T: 501145/3197639 (17 ms) [2476]
[  173.668728] pt_scan: A/T: 504606/3248067 (17 ms) [2476]
[  176.144535] pt_scan: A/T: 498248/3295548 (17 ms) [2476]
[  178.620695] pt_scan: A/T: 502879/3343149 (17 ms) [2476]
[  181.097008] pt_scan: A/T: 508680/3390466 (17 ms) [2476]
[  183.573310] pt_scan: A/T: 511466/3437415 (18 ms) [2522]
[  186.049388] pt_scan: A/T: 514234/3483954 (18 ms) [2522]
[  188.587590] pt_scan: A/T: 858472/6845915 (34 ms) [3258]
[  191.114085] pt_scan: A/T: 1053339/6872704 (38 ms) [3482]
[  194.376305] pt_scan: A/T: 1244987/6911661 (42 ms) [3722]
[  197.857546] pt_scan: A/T: 1319581/6955022 (42 ms) [3722]
[  201.580571] pt_scan: A/T: 1381068/7002316 (43 ms) [3763]
[  205.302085] pt_scan: A/T: 1374141/7049886 (42 ms) [3722]
[  209.065859] pt_scan: A/T: 1398260/7098428 (43 ms) [3763]
[  212.788205] pt_scan: A/T: 1392268/7146561 (43 ms) [3763]
[  216.551682] pt_scan: A/T: 1410740/7195237 (44 ms) [3848]
[  220.314586] pt_scan: A/T: 1410188/7243841 (44 ms) [3848]
[  224.164085] pt_scan: A/T: 1436702/7293735 (45 ms) [3890]
[  228.011511] pt_scan: A/T: 1440019/7343111 (44 ms) [3848]
[  231.902289] pt_scan: A/T: 1469383/7393340 (45 ms) [3890]
[  235.749691] pt_scan: A/T: 1440961/7442485 (45 ms) [3890]
[  239.640609] pt_scan: A/T: 1473699/7492282 (45 ms) [3890]
[  243.532115] pt_scan: A/T: 1468562/7541692 (47 ms) [4021]
[  247.421064] pt_scan: A/T: 1486100/7590971 (46 ms) [3978]
[  251.442246] pt_scan: A/T: 1494999/7641017 (46 ms) [3978]
[  255.420383] pt_scan: A/T: 1504638/7691142 (46 ms) [3978]
[  259.397265] pt_scan: A/T: 1523031/7743816 (47 ms) [4021]
[  263.374167] pt_scan: A/T: 1571750/7797942 (47 ms) [4021]
[  267.394631] pt_scan: A/T: 1584378/7852665 (48 ms) [4112]
[  271.414637] pt_scan: A/T: 1597559/7907289 (48 ms) [4112]
[  273.612741] tee (916): drop_caches: 3
[  273.665747] pt_scan: Page walk thread stopped.
[  273.665750] pt_scan: free pt result
[  273.665786] ivshmem_demo_driver 0000:00:0b.0: Removed
