Allocating 1 GB memory (262144 pages)...
Memory allocated. Starting sequential traversal...
Sequential traversal completed in 37.59 seconds.
Allocating 1 GB memory (262144 pages)...
Memory allocated. Starting sequential traversal...
Sequential traversal completed in 38.33 seconds.
[   47.451422] pt_scan: loading out-of-tree module taints kernel.
[   47.451427] pt_scan: module verification failed: signature and/or required key missing - tainting kernel
[   47.451845] ivshmem_demo_driver 0000:00:0b.0: ivshmem_dev probe ....
[   47.451847] ivshmem_dev probe ....
[   47.451872] res->start = 0x380000000000
[   47.451873] shared memory size = 0x04000000(64MB)
[   47.451885] read str:\x08
[   47.451906] ivshmem_demo_driver 0000:00:0b.0:  ivshmem_dev_probe success
[   47.451936] pt_scan: register pci driver
[   47.451988] pt_scan: Page walk thread created.
[   47.452580] pt_scan: A/T: 6173/6239 (0 ms) [2500] [0 GB]
[   49.958775] pt_scan: A/T: 262477/263705 (6 ms) [2716] [1 GB]
[   52.457275] pt_scan: A/T: 262086/262370 (5 ms) [2650] [1 GB]
[   55.172878] pt_scan: A/T: 262054/262351 (4 ms) [2596] [1 GB]
[   57.822836] pt_scan: A/T: 262049/262321 (4 ms) [2596] [1 GB]
[   60.418852] pt_scan: A/T: 262088/262366 (4 ms) [2596] [1 GB]
[   63.014728] pt_scan: A/T: 262086/262398 (4 ms) [2596] [1 GB]
[   65.610756] pt_scan: A/T: 262039/262307 (4 ms) [2596] [1 GB]
[   68.206768] pt_scan: A/T: 262047/262343 (4 ms) [2596] [1 GB]
[   70.802976] pt_scan: A/T: 261997/262338 (4 ms) [2596] [1 GB]
[   73.398788] pt_scan: A/T: 262027/262307 (4 ms) [2596] [1 GB]
[   75.994847] pt_scan: A/T: 262024/262359 (4 ms) [2596] [1 GB]
[   78.590790] pt_scan: A/T: 262176/264358 (4 ms) [2596] [1 GB]
[   81.186711] pt_scan: A/T: 262175/262375 (4 ms) [2596] [1 GB]
[   83.782714] pt_scan: A/T: 262064/262232 (4 ms) [2596] [1 GB]
