Allocating 18 GB memory (4718592 pages)...
Memory allocated. Starting sequential traversal...
Sequential traversal completed in 180.79 seconds.
Allocating 18 GB memory (4718592 pages)...
Memory allocated. Starting sequential traversal...
Sequential traversal completed in 187.83 seconds.
[ 3867.635239] ivshmem_demo_driver 0000:00:0b.0: ivshmem_dev probe ....
[ 3867.635242] ivshmem_dev probe ....
[ 3867.635283] res->start = 0x380000000000
[ 3867.635285] shared memory size = 0x04000000(64MB)
[ 3867.635296] read str:

[ 3867.635298] ivshmem_demo_driver 0000:00:0b.0:  ivshmem_dev_probe success
[ 3867.635328] pt_scan: register pci driver
[ 3867.635382] pt_scan: Page walk thread created.
[ 3867.635736] pt_scan: A/T: 320/1676 (0 ms) [2500] [0 GB]
[ 3870.151049] pt_scan: A/T: 878880/880132 (15 ms) [3850] [3 GB]
[ 3872.650925] pt_scan: A/T: 875281/875938 (15 ms) [3850] [3 GB]
[ 3876.509365] pt_scan: A/T: 1343252/1343643 (23 ms) [5674] [5 GB]
[ 3880.359125] pt_scan: A/T: 1345075/1345704 (23 ms) [5674] [5 GB]
[ 3886.093199] pt_scan: A/T: 4718599/4718751 (83 ms) [43834] [18 GB]
[ 3891.766278] pt_scan: A/T: 4718590/4718789 (82 ms) [42844] [18 GB]
[ 3935.599759] pt_scan: A/T: 4718609/4718800 (82 ms) [42844] [18 GB]
[ 3978.443955] pt_scan: A/T: 4718611/4718802 (82 ms) [42844] [18 GB]
[ 4021.287989] pt_scan: A/T: 4718608/4718836 (82 ms) [42844] [18 GB]
