Allocating 20 GB memory (5242880 pages)...
Memory allocated. Starting sequential traversal...
Sequential traversal completed in 196.03 seconds.
Allocating 20 GB memory (5242880 pages)...
Memory allocated. Starting sequential traversal...
Sequential traversal completed in 202.54 seconds.
[ 4637.923589] ivshmem_demo_driver 0000:00:0b.0: ivshmem_dev probe ....
[ 4637.923592] ivshmem_dev probe ....
[ 4637.923631] res->start = 0x380000000000
[ 4637.923632] shared memory size = 0x04000000(64MB)
[ 4637.923641] read str:	
[ 4637.923643] ivshmem_demo_driver 0000:00:0b.0:  ivshmem_dev_probe success
[ 4637.923670] pt_scan: register pci driver
[ 4637.923723] pt_scan: Page walk thread created.
[ 4637.924093] pt_scan: A/T: 507/1935 (0 ms) [2500] [0 GB]
[ 4640.439346] pt_scan: A/T: 877962/879221 (15 ms) [3850] [3 GB]
[ 4642.939154] pt_scan: A/T: 870993/871220 (15 ms) [3850] [3 GB]
[ 4646.797248] pt_scan: A/T: 1341024/1341328 (23 ms) [5674] [5 GB]
[ 4650.646867] pt_scan: A/T: 1334760/1335081 (23 ms) [5674] [5 GB]
[ 4656.389512] pt_scan: A/T: 5242911/5243080 (91 ms) [52186] [20 GB]
[ 4662.063387] pt_scan: A/T: 5242863/5243068 (91 ms) [52186] [20 GB]
[ 4714.248522] pt_scan: A/T: 5242905/5243130 (90 ms) [51100] [20 GB]
[ 4766.434934] pt_scan: A/T: 5242860/5243156 (91 ms) [52186] [20 GB]
[ 4817.534911] pt_scan: A/T: 5242916/5243147 (91 ms) [52186] [20 GB]
