Allocating 23 GB memory (6029312 pages)...
Memory allocated. Starting sequential traversal...
Sequential traversal completed in 233.62 seconds.
Allocating 23 GB memory (6029312 pages)...
Memory allocated. Starting sequential traversal...
Sequential traversal completed in 240.57 seconds.
[ 1222.548624] ivshmem_demo_driver 0000:00:0b.0: ivshmem_dev probe ....
[ 1222.548632] ivshmem_dev probe ....
[ 1222.548813] res->start = 0x380000000000
[ 1222.548817] shared memory size = 0x04000000(64MB)
[ 1222.548847] read str:\x05
[ 1222.548850] ivshmem_demo_driver 0000:00:0b.0:  ivshmem_dev_probe success
[ 1222.548914] pt_scan: register pci driver
[ 1222.549050] pt_scan: Page walk thread created.
[ 1222.549658] pt_scan: A/T: 236/1552 (0 ms) [2500] [0 GB]
[ 1225.092902] pt_scan: A/T: 760328/761570 (43 ms) [13594] [2 GB]
[ 1227.598848] pt_scan: A/T: 873746/874124 (49 ms) [16906] [3 GB]
[ 1241.309100] pt_scan: A/T: 6029391/6029483 (106 ms) [69916] [23 GB]
[ 1258.216571] pt_scan: A/T: 6029301/6029526 (106 ms) [69916] [23 GB]
[ 1426.048212] pt_scan: A/T: 6029362/6029652 (106 ms) [69916] [23 GB]
