Allocating 21 GB memory (5505024 pages)...
Memory allocated. Starting sequential traversal...
Sequential traversal completed in 215.25 seconds.
Allocating 21 GB memory (5505024 pages)...
Memory allocated. Starting sequential traversal...
Sequential traversal completed in 226.30 seconds.
[ 5283.339666] ivshmem_demo_driver 0000:00:0b.0: ivshmem_dev probe ....
[ 5283.339669] ivshmem_dev probe ....
[ 5283.339719] res->start = 0x380000000000
[ 5283.339721] shared memory size = 0x04000000(64MB)
[ 5283.339731] read str:	
[ 5283.339733] ivshmem_demo_driver 0000:00:0b.0:  ivshmem_dev_probe success
[ 5283.339762] pt_scan: register pci driver
[ 5283.339821] pt_scan: Page walk thread created.
[ 5283.340173] pt_scan: A/T: 221/1548 (0 ms) [2500] [0 GB]
[ 5285.855235] pt_scan: A/T: 882342/883582 (15 ms) [4075] [3 GB]
[ 5288.354847] pt_scan: A/T: 872834/873357 (15 ms) [4075] [3 GB]
[ 5292.439148] pt_scan: A/T: 1424478/1424849 (24 ms) [6532] [5 GB]
[ 5296.513779] pt_scan: A/T: 1423575/1423949 (23 ms) [6203] [5 GB]
[ 5303.115576] pt_scan: A/T: 5505053/5505229 (93 ms) [63043] [21 GB]
[ 5309.317396] pt_scan: A/T: 5505022/5505234 (92 ms) [61748] [21 GB]
[ 5372.361274] pt_scan: A/T: 5505077/5505309 (93 ms) [63043] [21 GB]
[ 5434.109993] pt_scan: A/T: 5505070/5505338 (94 ms) [64352] [21 GB]
[ 5497.151393] pt_scan: A/T: 5505059/5505275 (92 ms) [61748] [21 GB]
