Allocating 6 GB memory (1572864 pages)...
Memory allocated. Starting sequential traversal...
Sequential traversal completed in 82.50 seconds.
Allocating 6 GB memory (1572864 pages)...
Memory allocated. Starting sequential traversal...
Sequential traversal completed in 89.76 seconds.
[  671.337839] ivshmem_demo_driver 0000:00:0b.0: ivshmem_dev probe ....
[  671.337842] ivshmem_dev probe ....
[  671.337881] res->start = 0x380000000000
[  671.337883] shared memory size = 0x04000000(64MB)
[  671.337893] read str:\x0f
[  671.337894] ivshmem_demo_driver 0000:00:0b.0:  ivshmem_dev_probe success
[  671.337921] pt_scan: register pci driver
[  671.337979] pt_scan: Page walk thread created.
[  671.338326] pt_scan: A/T: 244/1537 (0 ms) [2500] [0 GB]
[  673.853598] pt_scan: A/T: 902774/903994 (15 ms) [4075] [3 GB]
[  676.365830] pt_scan: A/T: 1572875/1573071 (27 ms) [7603] [6 GB]
[  680.439933] pt_scan: A/T: 1572837/1573064 (26 ms) [7232] [6 GB]
[  688.042769] pt_scan: A/T: 1572860/1572974 (26 ms) [7232] [6 GB]
[  695.274577] pt_scan: A/T: 1572827/1572951 (26 ms) [7232] [6 GB]
[  702.506766] pt_scan: A/T: 1572883/1573067 (26 ms) [7232] [6 GB]
[  709.738977] pt_scan: A/T: 1572877/1573076 (26 ms) [7232] [6 GB]
[  716.971294] pt_scan: A/T: 1572830/1573042 (27 ms) [7603] [6 GB]
[  724.202898] pt_scan: A/T: 1572821/1573076 (26 ms) [7232] [6 GB]
[  731.805704] pt_scan: A/T: 1572813/1573146 (26 ms) [7232] [6 GB]
[  739.037821] pt_scan: A/T: 1572800/1573038 (26 ms) [7232] [6 GB]
[  746.269990] pt_scan: A/T: 1573308/1573678 (26 ms) [7232] [6 GB]
[  753.501793] pt_scan: A/T: 1572856/1574204 (26 ms) [7232] [6 GB]
[  760.734090] pt_scan: A/T: 1572771/1573041 (27 ms) [7603] [6 GB]
